==15737== Memcheck, a memory error detector
==15737== Copyright (C) 2002-2024, and GNU GPL'd, by Julian Seward et al.
==15737== Using Valgrind-3.25.1 and LibVEX; rerun with -h for copyright info
==15737== Command: ./inkaur -Si hello
==15737== Parent PID: 15641
==15737== 
==15737== 
==15737== HEAP SUMMARY:
==15737==     in use at exit: 13,328 bytes in 43 blocks
==15737==   total heap usage: 52,917 allocs, 52,874 frees, 4,827,590 bytes allocated
==15737== 
==15737== 3 bytes in 1 blocks are still reachable in loss record 1 of 21
==15737==    at 0x4868E4F: realloc (vg_replace_malloc.c:1801)
==15737==    by 0x4F6FE7F: CRYPTO_realloc (mem.c:339)
==15737==    by 0x4F703D1: UnknownInlinedFun (provider_core.c:2035)
==15737==    by 0x4F703D1: ossl_method_construct_postcondition (core_fetch.c:100)
==15737==    by 0x4F6C83A: UnknownInlinedFun (core_algorithm.c:84)
==15737==    by 0x4F6C83A: algorithm_do_this (core_algorithm.c:122)
==15737==    by 0x4F81C94: ossl_provider_doall_activated (provider_core.c:1603)
==15737==    by 0x4F6E617: UnknownInlinedFun (core_algorithm.c:164)
==15737==    by 0x4F6E617: ossl_method_construct.constprop.0 (core_fetch.c:157)
==15737==    by 0x4F06435: inner_ossl_decoder_fetch.constprop.0 (decoder_meth.c:385)
==15737==    by 0x4F0685F: OSSL_DECODER_do_all_provided (decoder_meth.c:562)
==15737==    by 0x4F0C74E: UnknownInlinedFun (decoder_pkey.c:524)
==15737==    by 0x4F0C74E: OSSL_DECODER_CTX_new_for_pkey (decoder_pkey.c:890)
==15737==    by 0x5028FC1: x509_pubkey_ex_d2i_ex (x_pubkey.c:210)
==15737==    by 0x4E479D1: asn1_item_embed_d2i (tasn_dec.c:288)
==15737==    by 0x4E4949A: asn1_template_noexp_d2i (tasn_dec.c:709)
==15737== 
==15737== 5 bytes in 1 blocks are still reachable in loss record 2 of 21
==15737==    at 0x48617A8: malloc (vg_replace_malloc.c:446)
==15737==    by 0x4F6EBDE: CRYPTO_malloc (mem.c:214)
==15737==    by 0x4F6FB15: CRYPTO_strndup (o_str.c:47)
==15737==    by 0x4F43419: evp_kdf_from_algorithm (kdf_meth.c:71)
==15737==    by 0x4F31FC4: construct_evp_method (evp_fetch.c:230)
==15737==    by 0x4F6C971: ossl_method_construct_this (core_fetch.c:110)
==15737==    by 0x4F6C814: UnknownInlinedFun (core_algorithm.c:77)
==15737==    by 0x4F6C814: algorithm_do_this (core_algorithm.c:122)
==15737==    by 0x4F81C94: ossl_provider_doall_activated (provider_core.c:1603)
==15737==    by 0x4F6E617: UnknownInlinedFun (core_algorithm.c:164)
==15737==    by 0x4F6E617: ossl_method_construct.constprop.0 (core_fetch.c:157)
==15737==    by 0x4F333C0: inner_evp_generic_fetch.constprop.0 (evp_fetch.c:333)
==15737==    by 0x4F40441: UnknownInlinedFun (evp_fetch.c:404)
==15737==    by 0x4F40441: EVP_KDF_fetch (kdf_meth.c:172)
==15737==    by 0x4BF4B90: ngtcp2_crypto_ossl_init (ossl.c:77)
==15737== 
==15737== 8 bytes in 1 blocks are still reachable in loss record 3 of 21
==15737==    at 0x48617A8: malloc (vg_replace_malloc.c:446)
==15737==    by 0x4F6EBDE: CRYPTO_malloc (mem.c:214)
==15737==    by 0x4F6FAA9: CRYPTO_strdup (o_str.c:31)
==15737==    by 0x4F7F197: provider_new (provider_core.c:469)
==15737==    by 0x4F81790: provider_activate_fallbacks (provider_core.c:1478)
==15737==    by 0x4F81A97: ossl_provider_doall_activated (provider_core.c:1543)
==15737==    by 0x4F6E617: UnknownInlinedFun (core_algorithm.c:164)
==15737==    by 0x4F6E617: ossl_method_construct.constprop.0 (core_fetch.c:157)
==15737==    by 0x4F33227: inner_evp_generic_fetch.constprop.0 (evp_fetch.c:333)
==15737==    by 0x4F33661: UnknownInlinedFun (evp_fetch.c:404)
==15737==    by 0x4F33661: EVP_CIPHER_fetch (evp_enc.c:2067)
==15737==    by 0x4BF4AB8: ngtcp2_crypto_ossl_init (ossl.c:66)
==15737==    by 0x48CFB95: UnknownInlinedFun (vquic.c:60)
==15737==    by 0x48CFB95: global_init (easy.c:148)
==15737==    by 0x48D0DF8: curl_easy_init (easy.c:339)
==15737== 
==15737== 18 bytes in 2 blocks are still reachable in loss record 4 of 21
==15737==    at 0x48617A8: malloc (vg_replace_malloc.c:446)
==15737==    by 0x4F6EBDE: CRYPTO_malloc (mem.c:214)
==15737==    by 0x4F6FB15: CRYPTO_strndup (o_str.c:47)
==15737==    by 0x4F223DD: evp_md_from_algorithm.lto_priv.0 (digest.c:1039)
==15737==    by 0x4F31FC4: construct_evp_method (evp_fetch.c:230)
==15737==    by 0x4F6C971: ossl_method_construct_this (core_fetch.c:110)
==15737==    by 0x4F6C814: UnknownInlinedFun (core_algorithm.c:77)
==15737==    by 0x4F6C814: algorithm_do_this (core_algorithm.c:122)
==15737==    by 0x4F81C94: ossl_provider_doall_activated (provider_core.c:1603)
==15737==    by 0x4F6E617: UnknownInlinedFun (core_algorithm.c:164)
==15737==    by 0x4F6E617: ossl_method_construct.constprop.0 (core_fetch.c:157)
==15737==    by 0x4F33227: inner_evp_generic_fetch.constprop.0 (evp_fetch.c:333)
==15737==    by 0x4F1AD81: UnknownInlinedFun (evp_fetch.c:404)
==15737==    by 0x4F1AD81: EVP_MD_fetch (digest.c:1162)
==15737==    by 0x4BF4B60: ngtcp2_crypto_ossl_init (ossl.c:75)
==15737== 
==15737== 19 bytes in 1 blocks are still reachable in loss record 5 of 21
==15737==    at 0x48617A8: malloc (vg_replace_malloc.c:446)
==15737==    by 0x4F6EBDE: CRYPTO_malloc (mem.c:214)
==15737==    by 0x4F6FAA9: CRYPTO_strdup (o_str.c:31)
==15737==    by 0x4E5B8FA: BIO_meth_new (bio_meth.c:42)
==15737==    by 0x502A97A: ossl_bio_prov_init_bio_method (bio_prov.c:210)
==15737==    by 0x502AD1C: ossl_default_provider_init (defltprov.c:790)
==15737==    by 0x4F80321: UnknownInlinedFun (provider_core.c:1052)
==15737==    by 0x4F80321: provider_activate (provider_core.c:1268)
==15737==    by 0x4F817B7: provider_activate_fallbacks (provider_core.c:1492)
==15737==    by 0x4F81A97: ossl_provider_doall_activated (provider_core.c:1543)
==15737==    by 0x4F6E617: UnknownInlinedFun (core_algorithm.c:164)
==15737==    by 0x4F6E617: ossl_method_construct.constprop.0 (core_fetch.c:157)
==15737==    by 0x4F33227: inner_evp_generic_fetch.constprop.0 (evp_fetch.c:333)
==15737==    by 0x4F33661: UnknownInlinedFun (evp_fetch.c:404)
==15737==    by 0x4F33661: EVP_CIPHER_fetch (evp_enc.c:2067)
==15737== 
==15737== 32 bytes in 1 blocks are still reachable in loss record 6 of 21
==15737==    at 0x48617A8: malloc (vg_replace_malloc.c:446)
==15737==    by 0x4F6EBDE: CRYPTO_malloc (mem.c:214)
==15737==    by 0x4F6EC85: CRYPTO_zalloc (mem.c:226)
==15737==    by 0x502AD07: UnknownInlinedFun (provider_ctx.c:17)
==15737==    by 0x502AD07: ossl_default_provider_init (defltprov.c:789)
==15737==    by 0x4F80321: UnknownInlinedFun (provider_core.c:1052)
==15737==    by 0x4F80321: provider_activate (provider_core.c:1268)
==15737==    by 0x4F817B7: provider_activate_fallbacks (provider_core.c:1492)
==15737==    by 0x4F81A97: ossl_provider_doall_activated (provider_core.c:1543)
==15737==    by 0x4F6E617: UnknownInlinedFun (core_algorithm.c:164)
==15737==    by 0x4F6E617: ossl_method_construct.constprop.0 (core_fetch.c:157)
==15737==    by 0x4F33227: inner_evp_generic_fetch.constprop.0 (evp_fetch.c:333)
==15737==    by 0x4F33661: UnknownInlinedFun (evp_fetch.c:404)
==15737==    by 0x4F33661: EVP_CIPHER_fetch (evp_enc.c:2067)
==15737==    by 0x4BF4AB8: ngtcp2_crypto_ossl_init (ossl.c:66)
==15737==    by 0x48CFB95: UnknownInlinedFun (vquic.c:60)
==15737==    by 0x48CFB95: global_init (easy.c:148)
==15737== 
==15737== 40 bytes in 1 blocks are still reachable in loss record 7 of 21
==15737==    at 0x48617A8: malloc (vg_replace_malloc.c:446)
==15737==    by 0x4F6EBDE: CRYPTO_malloc (mem.c:214)
==15737==    by 0x4FE05C5: OPENSSL_sk_deep_copy (stack.c:91)
==15737==    by 0x4F7F179: UnknownInlinedFun (provider_local.h:16)
==15737==    by 0x4F7F179: provider_new (provider_core.c:461)
==15737==    by 0x4F81790: provider_activate_fallbacks (provider_core.c:1478)
==15737==    by 0x4F81A97: ossl_provider_doall_activated (provider_core.c:1543)
==15737==    by 0x4F6E617: UnknownInlinedFun (core_algorithm.c:164)
==15737==    by 0x4F6E617: ossl_method_construct.constprop.0 (core_fetch.c:157)
==15737==    by 0x4F33227: inner_evp_generic_fetch.constprop.0 (evp_fetch.c:333)
==15737==    by 0x4F33661: UnknownInlinedFun (evp_fetch.c:404)
==15737==    by 0x4F33661: EVP_CIPHER_fetch (evp_enc.c:2067)
==15737==    by 0x4BF4AB8: ngtcp2_crypto_ossl_init (ossl.c:66)
==15737==    by 0x48CFB95: UnknownInlinedFun (vquic.c:60)
==15737==    by 0x48CFB95: global_init (easy.c:148)
==15737==    by 0x48D0DF8: curl_easy_init (easy.c:339)
==15737== 
==15737== 56 bytes in 1 blocks are still reachable in loss record 8 of 21
==15737==    at 0x48617A8: malloc (vg_replace_malloc.c:446)
==15737==    by 0x4F6EBDE: CRYPTO_malloc (mem.c:214)
==15737==    by 0x4F6EC85: CRYPTO_zalloc (mem.c:226)
==15737==    by 0x4F855A1: CRYPTO_THREAD_lock_new (threads_pthread.c:870)
==15737==    by 0x4F7F134: provider_new (provider_core.c:453)
==15737==    by 0x4F81790: provider_activate_fallbacks (provider_core.c:1478)
==15737==    by 0x4F81A97: ossl_provider_doall_activated (provider_core.c:1543)
==15737==    by 0x4F6E617: UnknownInlinedFun (core_algorithm.c:164)
==15737==    by 0x4F6E617: ossl_method_construct.constprop.0 (core_fetch.c:157)
==15737==    by 0x4F33227: inner_evp_generic_fetch.constprop.0 (evp_fetch.c:333)
==15737==    by 0x4F33661: UnknownInlinedFun (evp_fetch.c:404)
==15737==    by 0x4F33661: EVP_CIPHER_fetch (evp_enc.c:2067)
==15737==    by 0x4BF4AB8: ngtcp2_crypto_ossl_init (ossl.c:66)
==15737==    by 0x48CFB95: UnknownInlinedFun (vquic.c:60)
==15737==    by 0x48CFB95: global_init (easy.c:148)
==15737== 
==15737== 56 bytes in 1 blocks are still reachable in loss record 9 of 21
==15737==    at 0x48617A8: malloc (vg_replace_malloc.c:446)
==15737==    by 0x4F6EBDE: CRYPTO_malloc (mem.c:214)
==15737==    by 0x4F6EC85: CRYPTO_zalloc (mem.c:226)
==15737==    by 0x4F855A1: CRYPTO_THREAD_lock_new (threads_pthread.c:870)
==15737==    by 0x4F7F147: provider_new (provider_core.c:459)
==15737==    by 0x4F81790: provider_activate_fallbacks (provider_core.c:1478)
==15737==    by 0x4F81A97: ossl_provider_doall_activated (provider_core.c:1543)
==15737==    by 0x4F6E617: UnknownInlinedFun (core_algorithm.c:164)
==15737==    by 0x4F6E617: ossl_method_construct.constprop.0 (core_fetch.c:157)
==15737==    by 0x4F33227: inner_evp_generic_fetch.constprop.0 (evp_fetch.c:333)
==15737==    by 0x4F33661: UnknownInlinedFun (evp_fetch.c:404)
==15737==    by 0x4F33661: EVP_CIPHER_fetch (evp_enc.c:2067)
==15737==    by 0x4BF4AB8: ngtcp2_crypto_ossl_init (ossl.c:66)
==15737==    by 0x48CFB95: UnknownInlinedFun (vquic.c:60)
==15737==    by 0x48CFB95: global_init (easy.c:148)
==15737== 
==15737== 56 bytes in 1 blocks are still reachable in loss record 10 of 21
==15737==    at 0x48617A8: malloc (vg_replace_malloc.c:446)
==15737==    by 0x4F6EBDE: CRYPTO_malloc (mem.c:214)
==15737==    by 0x4F6EC85: CRYPTO_zalloc (mem.c:226)
==15737==    by 0x4F855A1: CRYPTO_THREAD_lock_new (threads_pthread.c:870)
==15737==    by 0x4F7F159: provider_new (provider_core.c:460)
==15737==    by 0x4F81790: provider_activate_fallbacks (provider_core.c:1478)
==15737==    by 0x4F81A97: ossl_provider_doall_activated (provider_core.c:1543)
==15737==    by 0x4F6E617: UnknownInlinedFun (core_algorithm.c:164)
==15737==    by 0x4F6E617: ossl_method_construct.constprop.0 (core_fetch.c:157)
==15737==    by 0x4F33227: inner_evp_generic_fetch.constprop.0 (evp_fetch.c:333)
==15737==    by 0x4F33661: UnknownInlinedFun (evp_fetch.c:404)
==15737==    by 0x4F33661: EVP_CIPHER_fetch (evp_enc.c:2067)
==15737==    by 0x4BF4AB8: ngtcp2_crypto_ossl_init (ossl.c:66)
==15737==    by 0x48CFB95: UnknownInlinedFun (vquic.c:60)
==15737==    by 0x48CFB95: global_init (easy.c:148)
==15737== 
==15737== 87 bytes in 7 blocks are still reachable in loss record 11 of 21
==15737==    at 0x48617A8: malloc (vg_replace_malloc.c:446)
==15737==    by 0x4F6EBDE: CRYPTO_malloc (mem.c:214)
==15737==    by 0x4F6FB15: CRYPTO_strndup (o_str.c:47)
==15737==    by 0x4F3C653: evp_cipher_from_algorithm.lto_priv.0 (evp_enc.c:1902)
==15737==    by 0x4F31FC4: construct_evp_method (evp_fetch.c:230)
==15737==    by 0x4F6C971: ossl_method_construct_this (core_fetch.c:110)
==15737==    by 0x4F6C814: UnknownInlinedFun (core_algorithm.c:77)
==15737==    by 0x4F6C814: algorithm_do_this (core_algorithm.c:122)
==15737==    by 0x4F81C94: ossl_provider_doall_activated (provider_core.c:1603)
==15737==    by 0x4F6E617: UnknownInlinedFun (core_algorithm.c:164)
==15737==    by 0x4F6E617: ossl_method_construct.constprop.0 (core_fetch.c:157)
==15737==    by 0x4F33227: inner_evp_generic_fetch.constprop.0 (evp_fetch.c:333)
==15737==    by 0x4F33661: UnknownInlinedFun (evp_fetch.c:404)
==15737==    by 0x4F33661: EVP_CIPHER_fetch (evp_enc.c:2067)
==15737==    by 0x4BF4AB8: ngtcp2_crypto_ossl_init (ossl.c:66)
==15737== 
==15737== 93 bytes in 3 blocks are still reachable in loss record 12 of 21
==15737==    at 0x48617A8: malloc (vg_replace_malloc.c:446)
==15737==    by 0x4042F9F: malloc (rtld-malloc.h:56)
==15737==    by 0x4042F9F: strdup (strdup.c:42)
==15737==    by 0x4031054: _dl_load_cache_lookup (dl-cache.c:498)
==15737==    by 0x40252F5: _dl_map_new_object (dl-load.c:2054)
==15737==    by 0x40293C0: dl_open_worker_begin (dl-open.c:535)
==15737==    by 0x401D455: _dl_catch_exception (dl-catch.c:241)
==15737==    by 0x40282FB: dl_open_worker (dl-open.c:762)
==15737==    by 0x401D455: _dl_catch_exception (dl-catch.c:241)
==15737==    by 0x4028819: _dl_open (dl-open.c:900)
==15737==    by 0x4B42994: do_dlopen (dl-libc.c:95)
==15737==    by 0x401D455: _dl_catch_exception (dl-catch.c:241)
==15737==    by 0x401D5A8: _dl_catch_error (dl-catch.c:260)
==15737== 
==15737== 93 bytes in 3 blocks are still reachable in loss record 13 of 21
==15737==    at 0x48617A8: malloc (vg_replace_malloc.c:446)
==15737==    by 0x40280B0: malloc (rtld-malloc.h:56)
==15737==    by 0x40280B0: _dl_new_object (dl-object.c:199)
==15737==    by 0x40232F4: _dl_map_object_from_fd (dl-load.c:1065)
==15737==    by 0x4024F58: _dl_map_new_object (dl-load.c:2187)
==15737==    by 0x40293C0: dl_open_worker_begin (dl-open.c:535)
==15737==    by 0x401D455: _dl_catch_exception (dl-catch.c:241)
==15737==    by 0x40282FB: dl_open_worker (dl-open.c:762)
==15737==    by 0x401D455: _dl_catch_exception (dl-catch.c:241)
==15737==    by 0x4028819: _dl_open (dl-open.c:900)
==15737==    by 0x4B42994: do_dlopen (dl-libc.c:95)
==15737==    by 0x401D455: _dl_catch_exception (dl-catch.c:241)
==15737==    by 0x401D5A8: _dl_catch_error (dl-catch.c:260)
==15737== 
==15737== 112 bytes in 1 blocks are still reachable in loss record 14 of 21
==15737==    at 0x48617A8: malloc (vg_replace_malloc.c:446)
==15737==    by 0x4F6EBDE: CRYPTO_malloc (mem.c:214)
==15737==    by 0x4F6EC85: CRYPTO_zalloc (mem.c:226)
==15737==    by 0x4E5B8DD: BIO_meth_new (bio_meth.c:39)
==15737==    by 0x502A97A: ossl_bio_prov_init_bio_method (bio_prov.c:210)
==15737==    by 0x502AD1C: ossl_default_provider_init (defltprov.c:790)
==15737==    by 0x4F80321: UnknownInlinedFun (provider_core.c:1052)
==15737==    by 0x4F80321: provider_activate (provider_core.c:1268)
==15737==    by 0x4F817B7: provider_activate_fallbacks (provider_core.c:1492)
==15737==    by 0x4F81A97: ossl_provider_doall_activated (provider_core.c:1543)
==15737==    by 0x4F6E617: UnknownInlinedFun (core_algorithm.c:164)
==15737==    by 0x4F6E617: ossl_method_construct.constprop.0 (core_fetch.c:157)
==15737==    by 0x4F33227: inner_evp_generic_fetch.constprop.0 (evp_fetch.c:333)
==15737==    by 0x4F33661: UnknownInlinedFun (evp_fetch.c:404)
==15737==    by 0x4F33661: EVP_CIPHER_fetch (evp_enc.c:2067)
==15737== 
==15737== 144 bytes in 1 blocks are still reachable in loss record 15 of 21
==15737==    at 0x48617A8: malloc (vg_replace_malloc.c:446)
==15737==    by 0x4F6EBDE: CRYPTO_malloc (mem.c:214)
==15737==    by 0x4F6EC85: CRYPTO_zalloc (mem.c:226)
==15737==    by 0x4F433F8: UnknownInlinedFun (kdf_meth.c:50)
==15737==    by 0x4F433F8: evp_kdf_from_algorithm (kdf_meth.c:66)
==15737==    by 0x4F31FC4: construct_evp_method (evp_fetch.c:230)
==15737==    by 0x4F6C971: ossl_method_construct_this (core_fetch.c:110)
==15737==    by 0x4F6C814: UnknownInlinedFun (core_algorithm.c:77)
==15737==    by 0x4F6C814: algorithm_do_this (core_algorithm.c:122)
==15737==    by 0x4F81C94: ossl_provider_doall_activated (provider_core.c:1603)
==15737==    by 0x4F6E617: UnknownInlinedFun (core_algorithm.c:164)
==15737==    by 0x4F6E617: ossl_method_construct.constprop.0 (core_fetch.c:157)
==15737==    by 0x4F333C0: inner_evp_generic_fetch.constprop.0 (evp_fetch.c:333)
==15737==    by 0x4F40441: UnknownInlinedFun (evp_fetch.c:404)
==15737==    by 0x4F40441: EVP_KDF_fetch (kdf_meth.c:172)
==15737==    by 0x4BF4B90: ngtcp2_crypto_ossl_init (ossl.c:77)
==15737== 
==15737== 232 bytes in 1 blocks are still reachable in loss record 16 of 21
==15737==    at 0x48617A8: malloc (vg_replace_malloc.c:446)
==15737==    by 0x4F6EBDE: CRYPTO_malloc (mem.c:214)
==15737==    by 0x4F6EC85: CRYPTO_zalloc (mem.c:226)
==15737==    by 0x4F7F11A: provider_new (provider_core.c:447)
==15737==    by 0x4F81790: provider_activate_fallbacks (provider_core.c:1478)
==15737==    by 0x4F81A97: ossl_provider_doall_activated (provider_core.c:1543)
==15737==    by 0x4F6E617: UnknownInlinedFun (core_algorithm.c:164)
==15737==    by 0x4F6E617: ossl_method_construct.constprop.0 (core_fetch.c:157)
==15737==    by 0x4F33227: inner_evp_generic_fetch.constprop.0 (evp_fetch.c:333)
==15737==    by 0x4F33661: UnknownInlinedFun (evp_fetch.c:404)
==15737==    by 0x4F33661: EVP_CIPHER_fetch (evp_enc.c:2067)
==15737==    by 0x4BF4AB8: ngtcp2_crypto_ossl_init (ossl.c:66)
==15737==    by 0x48CFB95: UnknownInlinedFun (vquic.c:60)
==15737==    by 0x48CFB95: global_init (easy.c:148)
==15737==    by 0x48D0DF8: curl_easy_init (easy.c:339)
==15737== 
==15737== 496 bytes in 2 blocks are still reachable in loss record 17 of 21
==15737==    at 0x48617A8: malloc (vg_replace_malloc.c:446)
==15737==    by 0x4F6EBDE: CRYPTO_malloc (mem.c:214)
==15737==    by 0x4F6EC85: CRYPTO_zalloc (mem.c:226)
==15737==    by 0x4F22378: UnknownInlinedFun (digest.c:943)
==15737==    by 0x4F22378: evp_md_from_algorithm.lto_priv.0 (digest.c:1024)
==15737==    by 0x4F31FC4: construct_evp_method (evp_fetch.c:230)
==15737==    by 0x4F6C971: ossl_method_construct_this (core_fetch.c:110)
==15737==    by 0x4F6C814: UnknownInlinedFun (core_algorithm.c:77)
==15737==    by 0x4F6C814: algorithm_do_this (core_algorithm.c:122)
==15737==    by 0x4F81C94: ossl_provider_doall_activated (provider_core.c:1603)
==15737==    by 0x4F6E617: UnknownInlinedFun (core_algorithm.c:164)
==15737==    by 0x4F6E617: ossl_method_construct.constprop.0 (core_fetch.c:157)
==15737==    by 0x4F33227: inner_evp_generic_fetch.constprop.0 (evp_fetch.c:333)
==15737==    by 0x4F1AD81: UnknownInlinedFun (evp_fetch.c:404)
==15737==    by 0x4F1AD81: EVP_MD_fetch (digest.c:1162)
==15737==    by 0x4BF4B60: ngtcp2_crypto_ossl_init (ossl.c:75)
==15737== 
==15737== 1,824 bytes in 3 blocks are still reachable in loss record 18 of 21
==15737==    at 0x4868C13: calloc (vg_replace_malloc.c:1675)
==15737==    by 0x403037D: calloc (rtld-malloc.h:44)
==15737==    by 0x403037D: _dl_check_map_versions (dl-version.c:280)
==15737==    by 0x4028D75: dl_open_worker_begin (dl-open.c:617)
==15737==    by 0x401D455: _dl_catch_exception (dl-catch.c:241)
==15737==    by 0x40282FB: dl_open_worker (dl-open.c:762)
==15737==    by 0x401D455: _dl_catch_exception (dl-catch.c:241)
==15737==    by 0x4028819: _dl_open (dl-open.c:900)
==15737==    by 0x4B42994: do_dlopen (dl-libc.c:95)
==15737==    by 0x401D455: _dl_catch_exception (dl-catch.c:241)
==15737==    by 0x401D5A8: _dl_catch_error (dl-catch.c:260)
==15737==    by 0x4B428FB: dlerror_run (dl-libc.c:45)
==15737==    by 0x4B42AE3: __libc_dlopen_mode (dl-libc.c:162)
==15737== 
==15737== 2,072 bytes in 7 blocks are still reachable in loss record 19 of 21
==15737==    at 0x48617A8: malloc (vg_replace_malloc.c:446)
==15737==    by 0x4F6EBDE: CRYPTO_malloc (mem.c:214)
==15737==    by 0x4F6EC85: CRYPTO_zalloc (mem.c:226)
==15737==    by 0x4F3C5E8: UnknownInlinedFun (evp_enc.c:1839)
==15737==    by 0x4F3C5E8: evp_cipher_from_algorithm.lto_priv.0 (evp_enc.c:1887)
==15737==    by 0x4F31FC4: construct_evp_method (evp_fetch.c:230)
==15737==    by 0x4F6C971: ossl_method_construct_this (core_fetch.c:110)
==15737==    by 0x4F6C814: UnknownInlinedFun (core_algorithm.c:77)
==15737==    by 0x4F6C814: algorithm_do_this (core_algorithm.c:122)
==15737==    by 0x4F81C94: ossl_provider_doall_activated (provider_core.c:1603)
==15737==    by 0x4F6E617: UnknownInlinedFun (core_algorithm.c:164)
==15737==    by 0x4F6E617: ossl_method_construct.constprop.0 (core_fetch.c:157)
==15737==    by 0x4F33227: inner_evp_generic_fetch.constprop.0 (evp_fetch.c:333)
==15737==    by 0x4F33661: UnknownInlinedFun (evp_fetch.c:404)
==15737==    by 0x4F33661: EVP_CIPHER_fetch (evp_enc.c:2067)
==15737==    by 0x4BF4AB8: ngtcp2_crypto_ossl_init (ossl.c:66)
==15737== 
==15737== 3,786 bytes in 3 blocks are still reachable in loss record 20 of 21
==15737==    at 0x4868C13: calloc (vg_replace_malloc.c:1675)
==15737==    by 0x4027DCC: calloc (rtld-malloc.h:44)
==15737==    by 0x4027DCC: _dl_new_object (dl-object.c:92)
==15737==    by 0x40232F4: _dl_map_object_from_fd (dl-load.c:1065)
==15737==    by 0x4024F58: _dl_map_new_object (dl-load.c:2187)
==15737==    by 0x40293C0: dl_open_worker_begin (dl-open.c:535)
==15737==    by 0x401D455: _dl_catch_exception (dl-catch.c:241)
==15737==    by 0x40282FB: dl_open_worker (dl-open.c:762)
==15737==    by 0x401D455: _dl_catch_exception (dl-catch.c:241)
==15737==    by 0x4028819: _dl_open (dl-open.c:900)
==15737==    by 0x4B42994: do_dlopen (dl-libc.c:95)
==15737==    by 0x401D455: _dl_catch_exception (dl-catch.c:241)
==15737==    by 0x401D5A8: _dl_catch_error (dl-catch.c:260)
==15737== 
==15737== 4,096 bytes in 1 blocks are still reachable in loss record 21 of 21
==15737==    at 0x48617A8: malloc (vg_replace_malloc.c:446)
==15737==    by 0x40055C8: safe_malloc (alloc.c:17)
==15737==    by 0x400E1E0: init (inkaur.c:22)
==15737==    by 0x400E510: main (inkaur.c:60)
==15737== 
==15737== LEAK SUMMARY:
==15737==    definitely lost: 0 bytes in 0 blocks
==15737==    indirectly lost: 0 bytes in 0 blocks
==15737==      possibly lost: 0 bytes in 0 blocks
==15737==    still reachable: 13,328 bytes in 43 blocks
==15737==         suppressed: 0 bytes in 0 blocks
==15737== 
==15737== For lists of detected and suppressed errors, rerun with: -s
==15737== ERROR SUMMARY: 0 errors from 0 contexts (suppressed: 0 from 0)
